<?xml version="1.0" encoding="UTF-8"?>
<testsuite xmlns:xsi="http://www.w3.org/2001/XMLSchema-instance" xsi:noNamespaceSchemaLocation="https://maven.apache.org/surefire/maven-surefire-plugin/xsd/surefire-test-report-3.0.xsd" version="3.0" name="com.movieapp.LowCoverageSampleTest" time="0.241" tests="14" errors="0" skipped="0" failures="0">
  <properties>
[...]
</properties>
  <testcase name="testDivideByZero" classname="com.movieapp.LowCoverageSampleTest" time="0.099"/>
  <testcase name="testAdd" classname="com.movieapp.LowCoverageSampleTest" time="0.002"/>
  <testcase name="testMod" classname="com.movieapp.LowCoverageSampleTest" time="0.003"/>
  <testcase name="testSubtract" classname="com.movieapp.LowCoverageSampleTest" time="0.002"/>
  <testcase name="testCube" classname="com.movieapp.LowCoverageSampleTest" time="0.004"/>
  <testcase name="testGcdWithNegativeInputs" classname="com.movieapp.LowCoverageSampleTest" time="0.002"/>
  <testcase name="testGcdWithOneZero" classname="com.movieapp.LowCoverageSampleTest" time="0.002"/>
  <testcase name="testDivide" classname="com.movieapp.LowCoverageSampleTest" time="0.001"/>
  <testcase name="testMultiply" classname="com.movieapp.LowCoverageSampleTest" time="0.002"/>
  <testcase name="testNegate" classname="com.movieapp.LowCoverageSampleTest" time="0.002"/>
  <testcase name="testSquare" classname="com.movieapp.LowCoverageSampleTest" time="0.003"/>
  <testcase name="testGcdForPositiveNumbers" classname="com.movieapp.LowCoverageSampleTest" time="0.004"/>
  <testcase name="testAbsForNegativeAndPositive" classname="com.movieapp.LowCoverageSampleTest" time="0.002"/>
  <testcase name="testGcdForDoubleZeroThrows" classname="com.movieapp.LowCoverageSampleTest" time="0.003"/>
</testsuite>